     1 00000000                                 ; Powered by uniartisan 2019.9.25
     2 00000000                                 ; haribote-ipl
     3 00000000                                 ; TAB=4
     4 00000000                                 
     5  = 0000000A                              CYLS	EQU		10				; 声明CYLS=10
     6 00000000                                 
     7                                          		ORG		0x7c00			; 指明程序装载地址
     8 00007C00                                 
     9 00007C00                                 ; 标准FAT12格式软盘专用的代码 Stand FAT12 format floppy code
    10 00007C00                                 
    11 00007C00 EB 4E                           		JMP		entry
    12 00007C02 90                              		DB		0x90
    13 00007C03 48 41 52 49 42 4F 54 45         		DB		"HARIBOTE"		; 启动扇区名称（8字节）
    14 00007C0B 0200                            		DW		512				; 每个扇区（sector）大小（必须512字节）
    15 00007C0D 01                              		DB		1				; 簇（cluster）大小（必须为1个扇区）
    16 00007C0E 0001                            		DW		1				; FAT起始位置（一般为第一个扇区）
    17 00007C10 02                              		DB		2				; FAT个数（必须为2）
    18 00007C11 00E0                            		DW		224				; 根目录大小（一般为224项）
    19 00007C13 0B40                            		DW		2880			; 该磁盘大小（必须为2880扇区1440*1024/512）
    20 00007C15 F0                              		DB		0xf0			; 磁盘类型（必须为0xf0）
    21 00007C16 0009                            		DW		9				; FAT的长度（必??9扇区）
    22 00007C18 0012                            		DW		18				; 一个磁道（track）有几个扇区（必须为18）
    23 00007C1A 0002                            		DW		2				; 磁头数（必??2）
    24 00007C1C 00000000                        		DD		0				; 不使用分区，必须是0
    25 00007C20 00000B40                        		DD		2880			; 重写一次磁盘大小
    26 00007C24 00 00 29                        		DB		0,0,0x29		; 意义不明（固定）
    27 00007C27 FFFFFFFF                        		DD		0xffffffff		; （可能是）卷标号码
    28 00007C2B 48 41 52 49 42 4F 54 45 4F 53   		DB		"HARIBOTEOS "	; 磁盘的名称（必须为11字?，不足填空格）
       00007C35 20 
    29 00007C36 46 41 54 31 32 20 20 20         		DB		"FAT12   "		; 磁盘格式名称（必??8字?，不足填空格）
    30 00007C3E 00 00 00 00 00 00 00 00 00 00   		RESB	18				; 先空出18字节
       00007C48 00 00 00 00 00 00 00 00 
    31 00007C50                                 
    32 00007C50                                 ;程序主体
    33 00007C50                                 ;AX——累加寄存器
    34 00007C50                                 ;CX——计数寄存器
    35 00007C50                                 ;DX——数据寄存器
    36 00007C50                                 ;BX——基址寄存器
    37 00007C50                                 ;SP——栈指针寄存器
    38 00007C50                                 ;BP——集址指针寄存器
    39 00007C50                                 ;SI——源变址寄存器
    40 00007C50                                 ;DI——目的变址寄存器
    41 00007C50                                 
    42 00007C50                                 entry:
    43 00007C50 B8 0000                         		MOV		AX,0			; 初始化寄存器
    44 00007C53 8E D0                           		MOV		SS,AX
    45 00007C55 BC 7C00                         		MOV		SP,0x7c00 ;“赋值” 而不是 “移动”
    46 00007C58 8E D8                           		MOV		DS,AX
    47 00007C5A                                 
    48 00007C5A                                 ; 读取磁盘
    49 00007C5A                                 
    50 00007C5A B8 0820                         		MOV		AX,0x0820
    51 00007C5D 8E C0                           		MOV		ES,AX
    52 00007C5F B5 00                           		MOV		CH,0			; 柱面0
    53 00007C61 B6 00                           		MOV		DH,0			; 磁头0
    54 00007C63 B1 02                           		MOV		CL,2			; 扇区2
    55 00007C65                                 
    56 00007C65                                 readloop:
    57 00007C65 BE 0000                         		MOV		SI,0			; 记录失败次数寄存器
    58 00007C68                                 
    59 00007C68                                 retry:
    60 00007C68 B4 02                           		MOV		AH,0x02		; AH=0x02 : 读入磁盘
    61 00007C6A B0 01                           		MOV		AL,1			; 1个扇区
    62 00007C6C BB 0000                         		MOV		BX,0
    63 00007C6F B2 00                           		MOV		DL,0x00		; A驱动器
    64 00007C71 CD 13                           		INT		0x13			; 调用磁盘BIOS
    65 00007C73 73 10                           		JNC		next			; 没出错则跳转到fin
    66 00007C75 83 C6 01                        		ADD		SI,1			; 往SI加1
    67 00007C78 83 FE 05                        		CMP		SI,5			; 比较SI与5
    68 00007C7B 73 32                           		JAE		error			; SI >= 5 跳转到error
    69 00007C7D B4 00                           		MOV		AH,0x00
    70 00007C7F B2 00                           		MOV		DL,0x00			; A驱动器
    71 00007C81 CD 13                           		INT		0x13			; 重置驱动器
    72 00007C83 EB E3                           		JMP		retry
    73 00007C85                                 
    74 00007C85                                 next:
    75 00007C85 8C C0                           		MOV		AX,ES			; 把内存地址后移0x200（512/16十六进制转换）
    76 00007C87 05 0020                         		ADD		AX,0x0020
    77 00007C8A 8E C0                           		MOV		ES,AX			; ADD ES,0x020因为没有ADD ES，只能通过AX进行
    78 00007C8C 80 C1 01                        		ADD		CL,1			; 往CL里面加1
    79 00007C8F 80 F9 12                        		CMP		CL,18			; 比较CL与18
    80 00007C92 76 D1                           		JBE		readloop	; CL <= 18 跳转到readloop
    81 00007C94 B1 01                           		MOV		CL,1
    82 00007C96 80 C6 01                        		ADD		DH,1
    83 00007C99 80 FE 02                        		CMP		DH,2
    84 00007C9C 72 C7                           		JB		readloop		; DH < 2 跳转到readloop
    85 00007C9E B6 00                           		MOV		DH,0
    86 00007CA0 80 C5 01                        		ADD		CH,1
    87 00007CA3 80 FD 0A                        		CMP		CH,CYLS
    88 00007CA6 72 BD                           		JB		readloop		; CH < CYLS 跳转到readloop
    89 00007CA8                                 
    90 00007CA8                                 ; 读取完毕，跳转到haribote.sys执行！
    91 00007CA8 88 2E 0FF0                      		MOV		[0x0ff0],CH		
    92 00007CAC E9 4551                         		JMP		0xc200
    93 00007CAF                                 
    94 00007CAF                                 error:
    95 00007CAF BE 7CC7                         		MOV		SI,msg
    96 00007CB2                                 
    97 00007CB2                                 
    98 00007CB2                                 putloop:
    99 00007CB2 8A 04                           		MOV		AL,[SI]
   100 00007CB4 83 C6 01                        		ADD		SI,1			; 给SI加1
   101 00007CB7 3C 00                           		CMP		AL,0
   102 00007CB9 74 09                           		JE		fin				;if(AL == 0) { goto fin; }
   103 00007CBB B4 0E                           		MOV		AH,0x0e			; 显示一个文字
   104 00007CBD BB 000F                         		MOV		BX,15			; 指定字符颜色
   105 00007CC0 CD 10                           		INT		0x10			; 调用显卡BIOS
   106 00007CC2 EB EE                           		JMP		putloop
   107 00007CC4                                 fin:
   108 00007CC4 F4                              		HLT						; 让CPU停止，等待指令
   109 00007CC5 EB FD                           		JMP		fin				; 无限循环
   110 00007CC7                                 
   111 00007CC7                                 msg:
   112 00007CC7 0A 0A                           		DB		0x0a, 0x0a		; 换行两次
   113 00007CC9 6C 6F 61 64 20 65 72 72 6F 72   		DB		"load error -1"
       00007CD3 20 2D 31 
   114 00007CD6 0A                              		DB		0x0a			; 换行
   115 00007CD7 50 6F 77 65 72 65 64 20 62 79   		DB		"Powered by uniartisan"
       00007CE1 20 75 6E 69 61 72 74 69 73 61 
       00007CEB 6E 
   116 00007CEC 0A                              		DB		0x0a
   117 00007CED 00                              		DB		0
   118 00007CEE                                 
   119 00007CEE 00 00 00 00 00 00 00 00 00 00   		RESB	0x7dfe-$		; 填写0x00直到0x001fe
       00007CF8 00 00 00 00 00 00 00 00 00 00 
       00007D02 00 00 00 00 00 00 00 00 00 00 
       00007D0C 00 00 00 00 00 00 00 00 00 00 
       00007D16 00 00 00 00 00 00 00 00 00 00 
       00007D20 00 00 00 00 00 00 00 00 00 00 
       00007D2A 00 00 00 00 00 00 00 00 00 00 
       00007D34 00 00 00 00 00 00 00 00 00 00 
       00007D3E 00 00 00 00 00 00 00 00 00 00 
       00007D48 00 00 00 00 00 00 00 00 00 00 
       00007D52 00 00 00 00 00 00 00 00 00 00 
       00007D5C 00 00 00 00 00 00 00 00 00 00 
       00007D66 00 00 00 00 00 00 00 00 00 00 
       00007D70 00 00 00 00 00 00 00 00 00 00 
       00007D7A 00 00 00 00 00 00 00 00 00 00 
       00007D84 00 00 00 00 00 00 00 00 00 00 
       00007D8E 00 00 00 00 00 00 00 00 00 00 
       00007D98 00 00 00 00 00 00 00 00 00 00 
       00007DA2 00 00 00 00 00 00 00 00 00 00 
       00007DAC 00 00 00 00 00 00 00 00 00 00 
       00007DB6 00 00 00 00 00 00 00 00 00 00 
       00007DC0 00 00 00 00 00 00 00 00 00 00 
       00007DCA 00 00 00 00 00 00 00 00 00 00 
       00007DD4 00 00 00 00 00 00 00 00 00 00 
       00007DDE 00 00 00 00 00 00 00 00 00 00 
       00007DE8 00 00 00 00 00 00 00 00 00 00 
       00007DF2 00 00 00 00 00 00 00 00 00 00 
       00007DFC 00 00 
   120 00007DFE                                 
   121 00007DFE 55 AA                           		DB		0x55, 0xaa
