     1 00000000                                 ; hello-os						;Powered by uniartisan 2019.9.05
     2 00000000                                 ; TAB=4
     3 00000000                                 
     4                                          		ORG		0x7c00			; 指明程序装载地址
     5 00007C00                                 
     6 00007C00                                 ; 标准FAT12格式软盘专用的代码 Stand FAT12 format floppy code
     7 00007C00                                 
     8 00007C00 EB 4E                           		JMP		entry				; 相当于C语言的GOTO
     9 00007C02 90                              		DB		0x90
    10 00007C03 48 45 4C 4C 4F 49 50 4C         		DB		"HELLOIPL"		; 启动扇区名称（8字节）
    11 00007C0B 0200                            		DW		512				; 每个扇区（sector）大小（必须512字节）
    12 00007C0D 01                              		DB		1				; 簇（cluster）大小（必须为1个扇区）
    13 00007C0E 0001                            		DW		1				; FAT起始位置（一般为第一个扇区）
    14 00007C10 02                              		DB		2				; FAT个数（必须为2）
    15 00007C11 00E0                            		DW		224				; 根目录大小（一般为224项）
    16 00007C13 0B40                            		DW		2880			; 该磁盘大小（必须为2880扇区1440*1024/512）
    17 00007C15 F0                              		DB		0xf0			; 磁盘类型（必须为0xf0）
    18 00007C16 0009                            		DW		9				; FAT的长度（必须是9扇区）
    19 00007C18 0012                            		DW		18				; 一个磁道（track）有几个扇区（必须为18）
    20 00007C1A 0002                            		DW		2				; 磁头数（必须是2）
    21 00007C1C 00000000                        		DD		0				; 不使用分区，必须是0
    22 00007C20 00000B40                        		DD		2880			; 重写一次磁盘大小
    23 00007C24 00 00 29                        		DB		0,0,0x29		; 意义不明（固定）
    24 00007C27 FFFFFFFF                        		DD		0xffffffff		; （可能是）卷标号码
    25 00007C2B 48 45 4C 4C 4F 2D 4F 53 20 20   		DB		"HELLO-OS   "	; 磁盘的名称（必须为11字节，不足填空格）
       00007C35 20 
    26 00007C36 46 41 54 31 32 20 20 20         		DB		"FAT12   "		; 磁盘格式名称（必须是8字节，不足填空格）
    27 00007C3E 00 00 00 00 00 00 00 00 00 00   		RESB	18				; 先空出18字节
       00007C48 00 00 00 00 00 00 00 00 
    28 00007C50                                 
    29 00007C50                                 ; 程序主体
    30 00007C50                                 ；AX——累加寄存器
    31 00007C50                                 ；CX——计数寄存器
    32 00007C50                                 ；DX——数据寄存器
    33 00007C50                                 ；BX——基址寄存器
    34 00007C50                                 ；SP——栈指针寄存器
    35 00007C50                                 ；BP——集址指针寄存器
    36 00007C50                                 ；SI——源变址寄存器
    37 00007C50                                 ；DI——目的变址寄存器
    38 00007C50                                 
    39 00007C50                                 entry:
    40 00007C50 B8 0000                         		MOV		AX,0			; 初始化寄存器
    41 00007C53 8E D0                           		MOV		SS,AX
    42 00007C55                                 		MOV		SP,0x7c00 ；“赋值” 而不是 “移动”
      >> [ERROR #002] parameter error.
    43 00007C55 8E D8                           		MOV		DS,AX
    44 00007C57 8E C0                           		MOV		ES,AX
    45 00007C59                                 
    46 00007C59 BE 7C6F                         		MOV		SI,msg
    47 00007C5C                                 putloop:
    48 00007C5C 8A 04                           		MOV		AL,[SI]
    49 00007C5E 83 C6 01                        		ADD		SI,1			; 给SI加1
    50 00007C61 3C 00                           		CMP		AL,0
    51 00007C63                                 		JE		fin				；if(AL == 0) { goto fin; }
      >> [ERROR #002] parameter error.
    52 00007C63 B4 0E                           		MOV		AH,0x0e			; 显示一个文字
    53 00007C65 BB 000F                         		MOV		BX,15			; 指定字符颜色
    54 00007C68 CD 10                           		INT		0x10			; 调用显卡BIOS
    55 00007C6A EB F0                           		JMP		putloop
    56 00007C6C                                 fin:
    57 00007C6C F4                              		HLT						; 让CPU停止，等待指令
    58 00007C6D EB FD                           		JMP		fin				; 无限循环
    59 00007C6F                                 
    60 00007C6F                                 msg:
    61 00007C6F 0A 0A                           		DB		0x0a, 0x0a		; 换行两次
    62 00007C71 68 65 6C 6C 6F 2C 20 77 6F 72   		DB		"hello, world! It's a simple os."
       00007C7B 6C 64 21 20 49 74 27 73 20 61 
       00007C85 20 73 69 6D 70 6C 65 20 6F 73 
       00007C8F 2E 
    63 00007C90 0A                              		DB		0x0a			; 换行
    64 00007C91 00                              		DB		0
    65 00007C92                                 
    66 00007C92 00 00 00 00 00 00 00 00 00 00   		RESB	0x7dfe-$		; 填写0x00直到0x001fe
       00007C9C 00 00 00 00 00 00 00 00 00 00 
       00007CA6 00 00 00 00 00 00 00 00 00 00 
       00007CB0 00 00 00 00 00 00 00 00 00 00 
       00007CBA 00 00 00 00 00 00 00 00 00 00 
       00007CC4 00 00 00 00 00 00 00 00 00 00 
       00007CCE 00 00 00 00 00 00 00 00 00 00 
       00007CD8 00 00 00 00 00 00 00 00 00 00 
       00007CE2 00 00 00 00 00 00 00 00 00 00 
       00007CEC 00 00 00 00 00 00 00 00 00 00 
       00007CF6 00 00 00 00 00 00 00 00 00 00 
       00007D00 00 00 00 00 00 00 00 00 00 00 
       00007D0A 00 00 00 00 00 00 00 00 00 00 
       00007D14 00 00 00 00 00 00 00 00 00 00 
       00007D1E 00 00 00 00 00 00 00 00 00 00 
       00007D28 00 00 00 00 00 00 00 00 00 00 
       00007D32 00 00 00 00 00 00 00 00 00 00 
       00007D3C 00 00 00 00 00 00 00 00 00 00 
       00007D46 00 00 00 00 00 00 00 00 00 00 
       00007D50 00 00 00 00 00 00 00 00 00 00 
       00007D5A 00 00 00 00 00 00 00 00 00 00 
       00007D64 00 00 00 00 00 00 00 00 00 00 
       00007D6E 00 00 00 00 00 00 00 00 00 00 
       00007D78 00 00 00 00 00 00 00 00 00 00 
       00007D82 00 00 00 00 00 00 00 00 00 00 
       00007D8C 00 00 00 00 00 00 00 00 00 00 
       00007D96 00 00 00 00 00 00 00 00 00 00 
       00007DA0 00 00 00 00 00 00 00 00 00 00 
       00007DAA 00 00 00 00 00 00 00 00 00 00 
       00007DB4 00 00 00 00 00 00 00 00 00 00 
       00007DBE 00 00 00 00 00 00 00 00 00 00 
       00007DC8 00 00 00 00 00 00 00 00 00 00 
       00007DD2 00 00 00 00 00 00 00 00 00 00 
       00007DDC 00 00 00 00 00 00 00 00 00 00 
       00007DE6 00 00 00 00 00 00 00 00 00 00 
       00007DF0 00 00 00 00 00 00 00 00 00 00 
       00007DFA 00 00 00 00 
    67 00007DFE                                 
    68 00007DFE 55 AA                           		DB		0x55, 0xaa
